<?xml version="1.0" encoding="UTF-8"?>
<!-- Generated by org.testng.reporters.JUnitReportReporter -->
<testsuite hostname="Sajeeshs-MacBook-Pro.local" failures="0" tests="2" name="com.rahulshettyacademy.RestAPITest" time="0.000" errors="0" timestamp="2021-08-13T19:44:57 IST" skipped="0">
  <testcase classname="com.rahulshettyacademy.RestAPITest" name="deleteTwitter" time="0.000"/>
  <system-out/>
  <testcase classname="com.rahulshettyacademy.RestAPITest" name="postJira" time="0.000"/>
  <system-out/>
</testsuite> <!-- com.rahulshettyacademy.RestAPITest -->
