<?xml version="1.0" encoding="UTF-8"?>
<!-- Generated by org.testng.reporters.JUnitReportReporter -->
<testsuite hostname="Sajeeshs-MacBook-Pro.local" failures="0" tests="2" name="com.rahulshettyacademy.AppiumTest" time="0.004" errors="0" timestamp="2021-08-13T19:49:00 IST" skipped="0">
  <testcase classname="com.rahulshettyacademy.AppiumTest" name="androidApps" time="0.004"/>
  <system-out/>
  <testcase classname="com.rahulshettyacademy.AppiumTest" name="iOSApps" time="0.000"/>
  <system-out/>
</testsuite> <!-- com.rahulshettyacademy.AppiumTest -->
